May 29, 2022 11:57:33 AM org.apache.karaf.main.Main launch
INFO: Installing and starting initial bundles
May 29, 2022 11:57:39 AM org.apache.karaf.main.Main launch
INFO: All initial bundles installed and set to start
May 29, 2022 11:57:39 AM org.apache.karaf.main.Main$KarafLockCallback lockAcquired
INFO: Lock acquired. Setting startlevel to 100
May 29, 2022 12:01:42 PM org.apache.karaf.main.Main launch
INFO: Installing and starting initial bundles
May 29, 2022 12:01:45 PM org.apache.karaf.main.Main launch
INFO: All initial bundles installed and set to start
May 29, 2022 12:01:46 PM org.apache.karaf.main.Main$KarafLockCallback lockAcquired
INFO: Lock acquired. Setting startlevel to 100
May 29, 2022 12:05:21 PM org.apache.karaf.main.Main launch
INFO: Installing and starting initial bundles
May 29, 2022 12:05:24 PM org.apache.karaf.main.Main launch
INFO: All initial bundles installed and set to start
May 29, 2022 12:05:24 PM org.apache.karaf.main.Main$KarafLockCallback lockAcquired
INFO: Lock acquired. Setting startlevel to 100
May 29, 2022 12:11:08 PM org.apache.karaf.main.Main launch
INFO: Installing and starting initial bundles
May 29, 2022 12:11:14 PM org.apache.karaf.main.Main launch
INFO: All initial bundles installed and set to start
May 29, 2022 12:11:15 PM org.apache.karaf.main.Main$KarafLockCallback lockAcquired
INFO: Lock acquired. Setting startlevel to 100
May 29, 2022 12:12:53 PM org.apache.karaf.main.Main launch
INFO: Installing and starting initial bundles
May 29, 2022 12:13:04 PM org.apache.karaf.main.Main launch
INFO: All initial bundles installed and set to start
May 29, 2022 12:13:06 PM org.apache.karaf.main.Main$KarafLockCallback lockAcquired
INFO: Lock acquired. Setting startlevel to 100
May 29, 2022 12:14:56 PM org.apache.karaf.main.Main launch
INFO: Installing and starting initial bundles
May 29, 2022 12:15:03 PM org.apache.karaf.main.Main launch
INFO: All initial bundles installed and set to start
May 29, 2022 12:15:06 PM org.apache.karaf.main.Main$KarafLockCallback lockAcquired
INFO: Lock acquired. Setting startlevel to 100
